<?xml version="1.0" encoding="UTF-8"?>
<!-- Generated by org.testng.reporters.JUnitReportReporter -->
<testsuite hostname="LAPTOP-ETMNRLTD" failures="0" tests="3" name="khushiProj.data.Provider1" time="14.093" errors="0" timestamp="30 Jul 2025 05:00:56 GMT">
  <testcase classname="khushiProj.data.Provider1" name="loginTest" time="5.121"/>
  <testcase classname="khushiProj.data.Provider1" name="loginTest" time="4.465"/>
  <testcase classname="khushiProj.data.Provider1" name="loginTest" time="4.507"/>
</testsuite> <!-- khushiProj.data.Provider1 -->
